TN:
SF:/Users/laughsun/Desktop/TDD-BDD/part13-jest_vue/src/containers/TodoList/TodoList.vue
FN:24,(anonymous_1)
FN:30,(anonymous_2)
FN:36,(anonymous_3)
FN:39,(anonymous_4)
FN:42,(anonymous_5)
FN:57,(anonymous_6)
FN:60,(anonymous_7)
FN:68,(anonymous_8)
FNF:8
FNH:8
FNDA:7,(anonymous_1)
FNDA:1,(anonymous_2)
FNDA:1,(anonymous_3)
FNDA:1,(anonymous_4)
FNDA:3,(anonymous_5)
FNDA:1,(anonymous_6)
FNDA:3,(anonymous_7)
FNDA:1,(anonymous_8)
DA:15,1
DA:16,1
DA:25,7
DA:31,1
DA:37,1
DA:40,1
DA:42,1
DA:43,3
DA:44,1
DA:49,2
DA:55,1
DA:58,1
DA:60,1
DA:61,3
DA:66,1
DA:69,1
LF:16
LH:16
BRDA:43,0,0,1
BRDA:43,0,1,2
BRF:2
BRH:2
end_of_record
TN:
SF:/Users/laughsun/Desktop/TDD-BDD/part13-jest_vue/src/containers/TodoList/components/Header.vue
FN:19,(anonymous_1)
FN:25,(anonymous_2)
FNF:2
FNH:2
FNDA:6,(anonymous_1)
FNDA:2,(anonymous_2)
DA:20,6
DA:26,2
DA:27,1
DA:28,1
LF:4
LH:4
BRDA:26,0,0,1
BRDA:26,0,1,1
BRF:2
BRH:2
end_of_record
TN:
SF:/Users/laughsun/Desktop/TDD-BDD/part13-jest_vue/src/containers/TodoList/components/UndoList.vue
FN:45,(anonymous_1)
FN:48,(anonymous_2)
FN:51,(anonymous_3)
FN:54,(anonymous_4)
FNF:4
FNH:4
FNDA:1,(anonymous_1)
FNDA:2,(anonymous_2)
FNDA:1,(anonymous_3)
FNDA:1,(anonymous_4)
DA:46,1
DA:49,2
DA:52,1
DA:55,1
LF:4
LH:4
BRF:0
BRH:0
end_of_record
TN:
SF:/Users/laughsun/Desktop/TDD-BDD/part13-jest_vue/src/containers/TodoList/utils/index.js
FN:1,(anonymous_0)
FNF:1
FNH:1
FNDA:14,(anonymous_0)
DA:1,2
DA:2,14
LF:2
LH:2
BRF:0
BRH:0
end_of_record
